[0310/062657.544:INFO:CONSOLE(0)] "Error with Permissions-Policy header: Feature xr-spatial-tracking's parameters are ignored.", source:  (0)
[0310/062657.544:INFO:CONSOLE(0)] "Error with Permissions-Policy header: Origin trial controlled feature not enabled: 'attribution-reporting'.", source:  (0)
[0310/062657.545:INFO:CONSOLE(0)] "Error with Permissions-Policy header: Unrecognized feature: 'compute-pressure'.", source:  (0)
[0310/062657.545:INFO:CONSOLE(0)] "Error with Permissions-Policy header: Origin trial controlled feature not enabled: 'interest-cohort'.", source:  (0)
[0310/062657.545:INFO:CONSOLE(0)] "Error with Permissions-Policy header: Unrecognized feature: 'private-state-token-issuance'.", source:  (0)
[0310/062657.545:INFO:CONSOLE(0)] "Error with Permissions-Policy header: Origin trial controlled feature not enabled: 'shared-storage'.", source:  (0)
[0310/062657.545:INFO:CONSOLE(0)] "Error with Permissions-Policy header: Unrecognized feature: 'shared-storage-select-url'.", source:  (0)
[0310/062657.545:INFO:CONSOLE(0)] "Error with Permissions-Policy header: Unrecognized feature: 'private-state-token-redemption'.", source:  (0)
[0310/062657.545:INFO:CONSOLE(0)] "Error with Permissions-Policy header: Unrecognized feature: 'unload'.", source:  (0)
[0310/062657.545:INFO:CONSOLE(0)] "Error with Permissions-Policy header: Unrecognized feature: 'window-management'.", source:  (0)
[0310/062659.081:INFO:CONSOLE(158)] "Event handler of 'x-storagemutated-1' event must be added on the initial evaluation of worker script.", source: https://static.whatsapp.net/rsrc.php/v4/y6/r/y7CbmHnRTbA.js (158)
[0310/062705.846:ERROR:cache_util_win.cc(20)] Unable to move the cache: Access is denied. (0x5)
[0310/062705.846:ERROR:disk_cache.cc(205)] Unable to create cache
[0310/062705.846:ERROR:gpu_disk_cache.cc(673)] Gpu Cache Creation failed: -2
[0310/062705.846:ERROR:cache_util_win.cc(20)] Unable to move the cache: Access is denied. (0x5)
[0310/062705.847:ERROR:disk_cache.cc(205)] Unable to create cache
[0310/062705.847:ERROR:gpu_disk_cache.cc(673)] Gpu Cache Creation failed: -2
[0310/062707.851:ERROR:cache_util_win.cc(20)] Unable to move the cache: Access is denied. (0x5)
[0310/062707.851:ERROR:disk_cache.cc(205)] Unable to create cache
[0310/062708.027:INFO:CONSOLE(0)] "Error with Permissions-Policy header: Feature xr-spatial-tracking's parameters are ignored.", source:  (0)
[0310/062708.027:INFO:CONSOLE(0)] "Error with Permissions-Policy header: Origin trial controlled feature not enabled: 'attribution-reporting'.", source:  (0)
[0310/062708.027:INFO:CONSOLE(0)] "Error with Permissions-Policy header: Unrecognized feature: 'compute-pressure'.", source:  (0)
[0310/062708.027:INFO:CONSOLE(0)] "Error with Permissions-Policy header: Origin trial controlled feature not enabled: 'interest-cohort'.", source:  (0)
[0310/062708.027:INFO:CONSOLE(0)] "Error with Permissions-Policy header: Unrecognized feature: 'private-state-token-issuance'.", source:  (0)
[0310/062708.027:INFO:CONSOLE(0)] "Error with Permissions-Policy header: Origin trial controlled feature not enabled: 'shared-storage'.", source:  (0)
[0310/062708.027:INFO:CONSOLE(0)] "Error with Permissions-Policy header: Unrecognized feature: 'shared-storage-select-url'.", source:  (0)
[0310/062708.027:INFO:CONSOLE(0)] "Error with Permissions-Policy header: Unrecognized feature: 'private-state-token-redemption'.", source:  (0)
[0310/062708.027:INFO:CONSOLE(0)] "Error with Permissions-Policy header: Unrecognized feature: 'unload'.", source:  (0)
[0310/062708.027:INFO:CONSOLE(0)] "Error with Permissions-Policy header: Unrecognized feature: 'window-management'.", source:  (0)
[0310/062708.849:ERROR:service_worker_storage.cc(1933)] Failed to delete the database: Database IO error
[0310/062713.486:ERROR:quota_database.cc(929)] Could not open the quota database, resetting.
[0310/062717.385:ERROR:quota_database.cc(929)] Could not open the quota database, resetting.
[0310/062720.157:ERROR:quota_database.cc(931)] Failed to reset the quota database.
[0310/062720.157:ERROR:quota_database.cc(931)] Failed to reset the quota database.
[0310/062940.714:INFO:CONSOLE(4)] "Uncaught (in promise) Error: window is not defined", source: https://web.whatsapp.com/ (4)
[0310/062942.063:INFO:CONSOLE(158)] "Event handler of 'x-storagemutated-1' event must be added on the initial evaluation of worker script.", source: https://static.whatsapp.net/rsrc.php/v4/y6/r/y7CbmHnRTbA.js (158)
[0310/063031.062:INFO:CONSOLE(158)] "Event handler of 'x-storagemutated-1' event must be added on the initial evaluation of worker script.", source: https://static.whatsapp.net/rsrc.php/v4/y6/r/y7CbmHnRTbA.js (158)
[0310/063311.220:INFO:CONSOLE(4)] "Uncaught (in promise) Error: window is not defined", source: https://web.whatsapp.com/ (4)
[0310/063401.602:INFO:CONSOLE(158)] "Event handler of 'x-storagemutated-1' event must be added on the initial evaluation of worker script.", source: https://static.whatsapp.net/rsrc.php/v4/y6/r/y7CbmHnRTbA.js (158)
[0310/063641.939:INFO:CONSOLE(4)] "Uncaught (in promise) Error: window is not defined", source: https://web.whatsapp.com/ (4)
[0310/063732.377:INFO:CONSOLE(158)] "Event handler of 'x-storagemutated-1' event must be added on the initial evaluation of worker script.", source: https://static.whatsapp.net/rsrc.php/v4/y6/r/y7CbmHnRTbA.js (158)
[0310/064012.740:INFO:CONSOLE(4)] "Uncaught (in promise) Error: window is not defined", source: https://web.whatsapp.com/ (4)
[0310/064103.197:INFO:CONSOLE(158)] "Event handler of 'x-storagemutated-1' event must be added on the initial evaluation of worker script.", source: https://static.whatsapp.net/rsrc.php/v4/y6/r/y7CbmHnRTbA.js (158)
[0310/064343.440:INFO:CONSOLE(4)] "Uncaught (in promise) Error: window is not defined", source: https://web.whatsapp.com/ (4)
[0310/064433.849:INFO:CONSOLE(158)] "Event handler of 'x-storagemutated-1' event must be added on the initial evaluation of worker script.", source: https://static.whatsapp.net/rsrc.php/v4/y6/r/y7CbmHnRTbA.js (158)
[0310/064714.105:INFO:CONSOLE(4)] "Uncaught (in promise) Error: window is not defined", source: https://web.whatsapp.com/ (4)
[0310/064804.532:INFO:CONSOLE(158)] "Event handler of 'x-storagemutated-1' event must be added on the initial evaluation of worker script.", source: https://static.whatsapp.net/rsrc.php/v4/y6/r/y7CbmHnRTbA.js (158)
[0310/065044.704:INFO:CONSOLE(4)] "Uncaught (in promise) Error: window is not defined", source: https://web.whatsapp.com/ (4)
[0310/065135.105:INFO:CONSOLE(158)] "Event handler of 'x-storagemutated-1' event must be added on the initial evaluation of worker script.", source: https://static.whatsapp.net/rsrc.php/v4/y6/r/y7CbmHnRTbA.js (158)
[0310/065415.329:INFO:CONSOLE(4)] "Uncaught (in promise) Error: window is not defined", source: https://web.whatsapp.com/ (4)
[0310/065505.738:INFO:CONSOLE(158)] "Event handler of 'x-storagemutated-1' event must be added on the initial evaluation of worker script.", source: https://static.whatsapp.net/rsrc.php/v4/y6/r/y7CbmHnRTbA.js (158)
[0310/065746.176:INFO:CONSOLE(4)] "Uncaught (in promise) Error: window is not defined", source: https://web.whatsapp.com/ (4)
[0310/065836.617:INFO:CONSOLE(158)] "Event handler of 'x-storagemutated-1' event must be added on the initial evaluation of worker script.", source: https://static.whatsapp.net/rsrc.php/v4/y6/r/y7CbmHnRTbA.js (158)
[0310/070116.986:INFO:CONSOLE(4)] "Uncaught (in promise) Error: window is not defined", source: https://web.whatsapp.com/ (4)
[0310/070207.404:INFO:CONSOLE(158)] "Event handler of 'x-storagemutated-1' event must be added on the initial evaluation of worker script.", source: https://static.whatsapp.net/rsrc.php/v4/y6/r/y7CbmHnRTbA.js (158)
[0310/070447.697:INFO:CONSOLE(4)] "Uncaught (in promise) Error: window is not defined", source: https://web.whatsapp.com/ (4)
[0310/070538.172:INFO:CONSOLE(158)] "Event handler of 'x-storagemutated-1' event must be added on the initial evaluation of worker script.", source: https://static.whatsapp.net/rsrc.php/v4/y6/r/y7CbmHnRTbA.js (158)
[0310/070818.786:INFO:CONSOLE(4)] "Uncaught (in promise) Error: window is not defined", source: https://web.whatsapp.com/ (4)
[0310/070909.254:INFO:CONSOLE(158)] "Event handler of 'x-storagemutated-1' event must be added on the initial evaluation of worker script.", source: https://static.whatsapp.net/rsrc.php/v4/y6/r/y7CbmHnRTbA.js (158)
[0310/071149.560:INFO:CONSOLE(4)] "Uncaught (in promise) Error: window is not defined", source: https://web.whatsapp.com/ (4)
[0310/071239.970:INFO:CONSOLE(158)] "Event handler of 'x-storagemutated-1' event must be added on the initial evaluation of worker script.", source: https://static.whatsapp.net/rsrc.php/v4/y6/r/y7CbmHnRTbA.js (158)
[0310/071520.304:INFO:CONSOLE(4)] "Uncaught (in promise) Error: window is not defined", source: https://web.whatsapp.com/ (4)
[0310/071610.728:INFO:CONSOLE(158)] "Event handler of 'x-storagemutated-1' event must be added on the initial evaluation of worker script.", source: https://static.whatsapp.net/rsrc.php/v4/y6/r/y7CbmHnRTbA.js (158)
[0310/071851.174:INFO:CONSOLE(4)] "Uncaught (in promise) Error: window is not defined", source: https://web.whatsapp.com/ (4)
[0310/071941.615:INFO:CONSOLE(158)] "Event handler of 'x-storagemutated-1' event must be added on the initial evaluation of worker script.", source: https://static.whatsapp.net/rsrc.php/v4/y6/r/y7CbmHnRTbA.js (158)
[0310/072221.755:INFO:CONSOLE(4)] "Uncaught (in promise) Error: window is not defined", source: https://web.whatsapp.com/ (4)
[0310/072312.160:INFO:CONSOLE(158)] "Event handler of 'x-storagemutated-1' event must be added on the initial evaluation of worker script.", source: https://static.whatsapp.net/rsrc.php/v4/y6/r/y7CbmHnRTbA.js (158)
[0310/072552.366:INFO:CONSOLE(4)] "Uncaught (in promise) Error: window is not defined", source: https://web.whatsapp.com/ (4)
[0310/072642.754:INFO:CONSOLE(158)] "Event handler of 'x-storagemutated-1' event must be added on the initial evaluation of worker script.", source: https://static.whatsapp.net/rsrc.php/v4/y6/r/y7CbmHnRTbA.js (158)
[0310/072923.034:INFO:CONSOLE(4)] "Uncaught (in promise) Error: window is not defined", source: https://web.whatsapp.com/ (4)
[0310/073013.542:INFO:CONSOLE(158)] "Event handler of 'x-storagemutated-1' event must be added on the initial evaluation of worker script.", source: https://static.whatsapp.net/rsrc.php/v4/y6/r/y7CbmHnRTbA.js (158)
[0310/073253.858:INFO:CONSOLE(4)] "Uncaught (in promise) Error: window is not defined", source: https://web.whatsapp.com/ (4)
[0310/073344.304:INFO:CONSOLE(158)] "Event handler of 'x-storagemutated-1' event must be added on the initial evaluation of worker script.", source: https://static.whatsapp.net/rsrc.php/v4/y6/r/y7CbmHnRTbA.js (158)
[0310/073624.471:INFO:CONSOLE(4)] "Uncaught (in promise) Error: window is not defined", source: https://web.whatsapp.com/ (4)
[0310/073714.868:INFO:CONSOLE(158)] "Event handler of 'x-storagemutated-1' event must be added on the initial evaluation of worker script.", source: https://static.whatsapp.net/rsrc.php/v4/y6/r/y7CbmHnRTbA.js (158)
[0310/073955.017:INFO:CONSOLE(4)] "Uncaught (in promise) Error: window is not defined", source: https://web.whatsapp.com/ (4)
[0310/074045.436:INFO:CONSOLE(158)] "Event handler of 'x-storagemutated-1' event must be added on the initial evaluation of worker script.", source: https://static.whatsapp.net/rsrc.php/v4/y6/r/y7CbmHnRTbA.js (158)
[0310/074325.595:INFO:CONSOLE(4)] "Uncaught (in promise) Error: window is not defined", source: https://web.whatsapp.com/ (4)
[0310/074416.235:INFO:CONSOLE(158)] "Event handler of 'x-storagemutated-1' event must be added on the initial evaluation of worker script.", source: https://static.whatsapp.net/rsrc.php/v4/y6/r/y7CbmHnRTbA.js (158)
[0310/074656.168:INFO:CONSOLE(4)] "Uncaught (in promise) Error: window is not defined", source: https://web.whatsapp.com/ (4)
[0310/074746.553:INFO:CONSOLE(158)] "Event handler of 'x-storagemutated-1' event must be added on the initial evaluation of worker script.", source: https://static.whatsapp.net/rsrc.php/v4/y6/r/y7CbmHnRTbA.js (158)
[0310/075026.724:INFO:CONSOLE(4)] "Uncaught (in promise) Error: window is not defined", source: https://web.whatsapp.com/ (4)
[0310/075117.113:INFO:CONSOLE(158)] "Event handler of 'x-storagemutated-1' event must be added on the initial evaluation of worker script.", source: https://static.whatsapp.net/rsrc.php/v4/y6/r/y7CbmHnRTbA.js (158)
[0310/075357.247:INFO:CONSOLE(4)] "Uncaught (in promise) Error: window is not defined", source: https://web.whatsapp.com/ (4)
[0310/075448.058:INFO:CONSOLE(158)] "Event handler of 'x-storagemutated-1' event must be added on the initial evaluation of worker script.", source: https://static.whatsapp.net/rsrc.php/v4/y6/r/y7CbmHnRTbA.js (158)
[0310/075728.355:INFO:CONSOLE(4)] "Uncaught (in promise) Error: window is not defined", source: https://web.whatsapp.com/ (4)
[0310/075818.809:INFO:CONSOLE(158)] "Event handler of 'x-storagemutated-1' event must be added on the initial evaluation of worker script.", source: https://static.whatsapp.net/rsrc.php/v4/y6/r/y7CbmHnRTbA.js (158)
[0310/080059.016:INFO:CONSOLE(4)] "Uncaught (in promise) Error: window is not defined", source: https://web.whatsapp.com/ (4)
[0310/080149.462:INFO:CONSOLE(158)] "Event handler of 'x-storagemutated-1' event must be added on the initial evaluation of worker script.", source: https://static.whatsapp.net/rsrc.php/v4/y6/r/y7CbmHnRTbA.js (158)
[0310/080429.895:INFO:CONSOLE(4)] "Uncaught (in promise) Error: window is not defined", source: https://web.whatsapp.com/ (4)
[0310/080520.355:INFO:CONSOLE(158)] "Event handler of 'x-storagemutated-1' event must be added on the initial evaluation of worker script.", source: https://static.whatsapp.net/rsrc.php/v4/y6/r/y7CbmHnRTbA.js (158)
[0310/080800.602:INFO:CONSOLE(4)] "Uncaught (in promise) Error: window is not defined", source: https://web.whatsapp.com/ (4)
[0310/080851.043:INFO:CONSOLE(158)] "Event handler of 'x-storagemutated-1' event must be added on the initial evaluation of worker script.", source: https://static.whatsapp.net/rsrc.php/v4/y6/r/y7CbmHnRTbA.js (158)
[0310/081131.179:INFO:CONSOLE(4)] "Uncaught (in promise) Error: window is not defined", source: https://web.whatsapp.com/ (4)
[0310/081221.588:INFO:CONSOLE(158)] "Event handler of 'x-storagemutated-1' event must be added on the initial evaluation of worker script.", source: https://static.whatsapp.net/rsrc.php/v4/y6/r/y7CbmHnRTbA.js (158)
[0310/081501.817:INFO:CONSOLE(4)] "Uncaught (in promise) Error: window is not defined", source: https://web.whatsapp.com/ (4)
[0310/081552.236:INFO:CONSOLE(158)] "Event handler of 'x-storagemutated-1' event must be added on the initial evaluation of worker script.", source: https://static.whatsapp.net/rsrc.php/v4/y6/r/y7CbmHnRTbA.js (158)
[0310/081832.396:INFO:CONSOLE(4)] "Uncaught (in promise) Error: window is not defined", source: https://web.whatsapp.com/ (4)
[0310/081922.793:INFO:CONSOLE(158)] "Event handler of 'x-storagemutated-1' event must be added on the initial evaluation of worker script.", source: https://static.whatsapp.net/rsrc.php/v4/y6/r/y7CbmHnRTbA.js (158)
[0310/082203.240:INFO:CONSOLE(4)] "Uncaught (in promise) Error: window is not defined", source: https://web.whatsapp.com/ (4)
[0310/082253.686:INFO:CONSOLE(158)] "Event handler of 'x-storagemutated-1' event must be added on the initial evaluation of worker script.", source: https://static.whatsapp.net/rsrc.php/v4/y6/r/y7CbmHnRTbA.js (158)
[0310/082533.822:INFO:CONSOLE(4)] "Uncaught (in promise) Error: window is not defined", source: https://web.whatsapp.com/ (4)
[0310/082624.241:INFO:CONSOLE(158)] "Event handler of 'x-storagemutated-1' event must be added on the initial evaluation of worker script.", source: https://static.whatsapp.net/rsrc.php/v4/y6/r/y7CbmHnRTbA.js (158)
[0310/082904.484:INFO:CONSOLE(4)] "Uncaught (in promise) Error: window is not defined", source: https://web.whatsapp.com/ (4)
[0310/082954.905:INFO:CONSOLE(158)] "Event handler of 'x-storagemutated-1' event must be added on the initial evaluation of worker script.", source: https://static.whatsapp.net/rsrc.php/v4/y6/r/y7CbmHnRTbA.js (158)
[0310/083235.289:INFO:CONSOLE(4)] "Uncaught (in promise) Error: window is not defined", source: https://web.whatsapp.com/ (4)
[0310/083325.720:INFO:CONSOLE(158)] "Event handler of 'x-storagemutated-1' event must be added on the initial evaluation of worker script.", source: https://static.whatsapp.net/rsrc.php/v4/y6/r/y7CbmHnRTbA.js (158)
[0310/083606.028:INFO:CONSOLE(4)] "Uncaught (in promise) Error: window is not defined", source: https://web.whatsapp.com/ (4)
[0310/083656.442:INFO:CONSOLE(158)] "Event handler of 'x-storagemutated-1' event must be added on the initial evaluation of worker script.", source: https://static.whatsapp.net/rsrc.php/v4/y6/r/y7CbmHnRTbA.js (158)
[0310/083936.613:INFO:CONSOLE(4)] "Uncaught (in promise) Error: window is not defined", source: https://web.whatsapp.com/ (4)
[0310/084027.027:INFO:CONSOLE(158)] "Event handler of 'x-storagemutated-1' event must be added on the initial evaluation of worker script.", source: https://static.whatsapp.net/rsrc.php/v4/y6/r/y7CbmHnRTbA.js (158)
[0310/084307.256:INFO:CONSOLE(4)] "Uncaught (in promise) Error: window is not defined", source: https://web.whatsapp.com/ (4)
[0310/084357.686:INFO:CONSOLE(158)] "Event handler of 'x-storagemutated-1' event must be added on the initial evaluation of worker script.", source: https://static.whatsapp.net/rsrc.php/v4/y6/r/y7CbmHnRTbA.js (158)
[0310/084637.980:INFO:CONSOLE(4)] "Uncaught (in promise) Error: window is not defined", source: https://web.whatsapp.com/ (4)
[0310/084728.436:INFO:CONSOLE(158)] "Event handler of 'x-storagemutated-1' event must be added on the initial evaluation of worker script.", source: https://static.whatsapp.net/rsrc.php/v4/y6/r/y7CbmHnRTbA.js (158)
[0310/085008.602:INFO:CONSOLE(4)] "Uncaught (in promise) Error: window is not defined", source: https://web.whatsapp.com/ (4)
[0310/085058.995:INFO:CONSOLE(158)] "Event handler of 'x-storagemutated-1' event must be added on the initial evaluation of worker script.", source: https://static.whatsapp.net/rsrc.php/v4/y6/r/y7CbmHnRTbA.js (158)
[0310/085339.390:INFO:CONSOLE(4)] "Uncaught (in promise) Error: window is not defined", source: https://web.whatsapp.com/ (4)
[0310/085429.751:INFO:CONSOLE(158)] "Event handler of 'x-storagemutated-1' event must be added on the initial evaluation of worker script.", source: https://static.whatsapp.net/rsrc.php/v4/y6/r/y7CbmHnRTbA.js (158)
[0310/085709.983:INFO:CONSOLE(4)] "Uncaught (in promise) Error: window is not defined", source: https://web.whatsapp.com/ (4)
[0310/085800.422:INFO:CONSOLE(158)] "Event handler of 'x-storagemutated-1' event must be added on the initial evaluation of worker script.", source: https://static.whatsapp.net/rsrc.php/v4/y6/r/y7CbmHnRTbA.js (158)
[0310/090040.841:INFO:CONSOLE(4)] "Uncaught (in promise) Error: window is not defined", source: https://web.whatsapp.com/ (4)
[0310/090131.316:INFO:CONSOLE(158)] "Event handler of 'x-storagemutated-1' event must be added on the initial evaluation of worker script.", source: https://static.whatsapp.net/rsrc.php/v4/y6/r/y7CbmHnRTbA.js (158)
[0310/090411.421:INFO:CONSOLE(4)] "Uncaught (in promise) Error: window is not defined", source: https://web.whatsapp.com/ (4)
